INFO  09:29:36 Application started. Press Ctrl+C to shut down.
INFO  09:29:36 Application started. Press Ctrl+C to shut down.
INFO  09:29:36 Hosting environment: Development
INFO  09:29:36 Hosting environment: Development
INFO  09:29:36 Content root path: D:\Product Engginering\Return Mgmt Project\Final API's\PaymentAPI\PaymentAPiedited\PaymentAPI
INFO  09:29:36 Content root path: D:\Product Engginering\Return Mgmt Project\Final API's\PaymentAPI\PaymentAPiedited\PaymentAPI
INFO  09:37:45 Application started. Press Ctrl+C to shut down.
INFO  09:37:45 Application started. Press Ctrl+C to shut down.
INFO  09:37:45 Hosting environment: Development
INFO  09:37:45 Hosting environment: Development
INFO  09:37:45 Content root path: D:\Product Engginering\Return Mgmt Project\Final API's\PaymentAPI\PaymentAPiedited\PaymentAPI
INFO  09:37:45 Content root path: D:\Product Engginering\Return Mgmt Project\Final API's\PaymentAPI\PaymentAPiedited\PaymentAPI
INFO  11:00:07 Application started. Press Ctrl+C to shut down.
INFO  11:00:07 Application started. Press Ctrl+C to shut down.
INFO  11:00:07 Hosting environment: Development
INFO  11:00:07 Hosting environment: Development
INFO  11:00:07 Content root path: D:\Product Engginering\Return Mgmt Project\Final API's\PaymentAPI\PaymentAPiedited\PaymentAPI
INFO  11:00:07 Content root path: D:\Product Engginering\Return Mgmt Project\Final API's\PaymentAPI\PaymentAPiedited\PaymentAPI
INFO  11:07:10 Application started. Press Ctrl+C to shut down.
INFO  11:07:10 Application started. Press Ctrl+C to shut down.
INFO  11:07:10 Hosting environment: Development
INFO  11:07:10 Hosting environment: Development
INFO  11:07:10 Content root path: D:\Product Engginering\Return Mgmt Project\Final API's\PaymentAPI\PaymentAPiedited\PaymentAPI
INFO  11:07:10 Content root path: D:\Product Engginering\Return Mgmt Project\Final API's\PaymentAPI\PaymentAPiedited\PaymentAPI
INFO  11:10:18 get payment process method invoked
INFO  11:14:08 Application started. Press Ctrl+C to shut down.
INFO  11:14:08 Application started. Press Ctrl+C to shut down.
INFO  11:14:08 Hosting environment: Development
INFO  11:14:08 Hosting environment: Development
INFO  11:14:08 Content root path: D:\Product Engginering\Return Mgmt Project\Final API's\PaymentAPI\PaymentAPiedited\PaymentAPI
INFO  11:14:08 Content root path: D:\Product Engginering\Return Mgmt Project\Final API's\PaymentAPI\PaymentAPiedited\PaymentAPI
INFO  11:14:19 post payment process method invoked
INFO  11:15:22 post payment process method invoked
INFO  11:15:42 Application started. Press Ctrl+C to shut down.
INFO  11:15:42 Application started. Press Ctrl+C to shut down.
INFO  11:15:42 Hosting environment: Development
INFO  11:15:42 Hosting environment: Development
INFO  11:15:42 Content root path: D:\Product Engginering\Return Mgmt Project\Final API's\PaymentAPI\PaymentAPiedited\PaymentAPI
INFO  11:15:42 Content root path: D:\Product Engginering\Return Mgmt Project\Final API's\PaymentAPI\PaymentAPiedited\PaymentAPI
INFO  11:20:02 Application started. Press Ctrl+C to shut down.
INFO  11:20:02 Application started. Press Ctrl+C to shut down.
INFO  11:20:02 Hosting environment: Development
INFO  11:20:02 Hosting environment: Development
INFO  11:20:02 Content root path: D:\Product Engginering\Return Mgmt Project\Final API's\PaymentAPI\PaymentAPiedited\PaymentAPI
INFO  11:20:02 Content root path: D:\Product Engginering\Return Mgmt Project\Final API's\PaymentAPI\PaymentAPiedited\PaymentAPI
INFO  11:20:50 post payment process method invoked
INFO  11:46:19 post payment process method invoked
INFO  02:59:29 Application started. Press Ctrl+C to shut down.
INFO  02:59:29 Application started. Press Ctrl+C to shut down.
INFO  02:59:29 Hosting environment: Development
INFO  02:59:29 Hosting environment: Development
INFO  02:59:29 Content root path: D:\Product Engginering\Return Mgmt Project\Final API's\PaymentAPI\PaymentAPiedited\PaymentAPI
INFO  02:59:29 Content root path: D:\Product Engginering\Return Mgmt Project\Final API's\PaymentAPI\PaymentAPiedited\PaymentAPI
INFO  03:02:24 post payment process method invoked
INFO  03:15:09 post payment process method invoked
INFO  03:20:42 post payment process method invoked
INFO  03:44:04 post payment process method invoked
INFO  03:49:22 Application started. Press Ctrl+C to shut down.
INFO  03:49:22 Application started. Press Ctrl+C to shut down.
INFO  03:49:22 Hosting environment: Development
INFO  03:49:22 Hosting environment: Development
INFO  03:49:22 Content root path: D:\Product Engginering\Return Mgmt Project\Final API's\PaymentAPI\PaymentAPiedited\PaymentAPI
INFO  03:49:22 Content root path: D:\Product Engginering\Return Mgmt Project\Final API's\PaymentAPI\PaymentAPiedited\PaymentAPI
INFO  03:49:58 post payment process method invoked
INFO  03:59:02 Application started. Press Ctrl+C to shut down.
INFO  03:59:02 Application started. Press Ctrl+C to shut down.
INFO  03:59:02 Hosting environment: Development
INFO  03:59:02 Hosting environment: Development
INFO  03:59:02 Content root path: D:\Product Engginering\Return Mgmt Project\Final API's\PaymentAPI\PaymentAPiedited\PaymentAPI
INFO  03:59:02 Content root path: D:\Product Engginering\Return Mgmt Project\Final API's\PaymentAPI\PaymentAPiedited\PaymentAPI
INFO  03:59:10 post payment process method invoked
INFO  04:01:03 post payment process method invoked
INFO  04:03:34 post payment process method invoked
INFO  04:05:31 post payment process method invoked
INFO  04:06:27 post payment process method invoked
INFO  04:06:39 post payment process method invoked
INFO  04:06:50 post payment process method invoked
INFO  04:07:07 post payment process method invoked
INFO  06:53:28 Application started. Press Ctrl+C to shut down.
INFO  06:53:28 Application started. Press Ctrl+C to shut down.
INFO  06:53:28 Hosting environment: Development
INFO  06:53:28 Hosting environment: Development
INFO  06:53:28 Content root path: D:\Product Engginering\Return Mgmt Project\Final API's\PaymentAPI\PaymentAPiedited\PaymentAPI
INFO  06:53:28 Content root path: D:\Product Engginering\Return Mgmt Project\Final API's\PaymentAPI\PaymentAPiedited\PaymentAPI
INFO  06:55:55 post payment process method invoked
INFO  06:56:08 post payment process method invoked
INFO  06:56:38 post payment process method invoked
INFO  06:59:13 post payment process method invoked
